<?xml version="1.0" encoding="UTF-8"?>
<!-- Generated by org.testng.reporters.JUnitXMLReporter -->
<testsuite ignored="0" hostname="Davinders-MacBook.local" failures="4" tests="4" name="Test" time="37.768" errors="0" timestamp="2024-11-21T21:13:34 PST">
  <testcase classname="TestCases.ProblemUser_TestCases" name="DropBoxValidation" time="0.777">
    <failure type="java.lang.AssertionError" message="Lists differ at element [0]: Test.allTheThings() T-Shirt (Red) != Sauce Labs Backpack expected [Test.allTheThings() T-Shirt (Red)] but found [Sauce Labs Backpack]">
      <![CDATA[java.lang.AssertionError: Lists differ at element [0]: Test.allTheThings() T-Shirt (Red) != Sauce Labs Backpack expected [Test.allTheThings() T-Shirt (Red)] but found [Sauce Labs Backpack]
at TestCases.Product_TestCase.validateNameZtoA(Product_TestCase.java:141)
at TestCases.ProblemUser_TestCases.DropBoxValidation(ProblemUser_TestCases.java:51)
at java.base/java.util.ArrayList.forEach(ArrayList.java:1511)
... Removed 32 stack frames]]>
    </failure>
  </testcase> <!-- DropBoxValidation -->
  <testcase classname="TestCases.ProblemUser_TestCases" name="ProductPageItemValdidation" time="0.377">
    <failure type="java.lang.AssertionError" message="Item name does not match expected [Sauce Labs Fleece Jacket] but found [Sauce Labs Backpack]">
      <![CDATA[java.lang.AssertionError: Item name does not match expected [Sauce Labs Fleece Jacket] but found [Sauce Labs Backpack]
at TestCases.Product_TestCase.validateItemDetail(Product_TestCase.java:82)
at TestCases.ProblemUser_TestCases.ProductPageItemValdidation(ProblemUser_TestCases.java:42)
at java.base/java.util.ArrayList.forEach(ArrayList.java:1511)
... Removed 32 stack frames]]>
    </failure>
  </testcase> <!-- ProductPageItemValdidation -->
  <testcase classname="TestCases.ProblemUser_TestCases" name="ValidateAddToCartButton" time="0.712">
    <failure type="java.lang.AssertionError" message="expected [6] but found [3]">
      <![CDATA[java.lang.AssertionError: expected [6] but found [3]
at TestCases.ProblemUser_TestCases.ValidateAddToCartButton(ProblemUser_TestCases.java:59)
at java.base/java.util.ArrayList.forEach(ArrayList.java:1511)
... Removed 33 stack frames]]>
    </failure>
  </testcase> <!-- ValidateAddToCartButton -->
  <testcase classname="TestCases.ProblemUser_TestCases" name="validateRemoveButton" time="15.592">
    <failure type="org.openqa.selenium.TimeoutException" message="Expected condition failed: waiting for visibility of Proxy element for: DefaultElementLocator &amp;apos;By.cssSelector: button#remove-sauce-labs-bolt-t-shirt&amp;apos; (tried for 15 second(s) with 500 milliseconds interval)">
      <![CDATA[org.openqa.selenium.TimeoutException: Expected condition failed: waiting for visibility of Proxy element for: DefaultElementLocator 'By.cssSelector: button#remove-sauce-labs-bolt-t-shirt' (tried for 15 second(s) with 500 milliseconds interval)
at org.openqa.selenium.support.ui.WebDriverWait.timeoutException(WebDriverWait.java:84)
at org.openqa.selenium.support.ui.FluentWait.until(FluentWait.java:228)
at Pages.Base_Page.wait(Base_Page.java:32)
at Pages.Base_Page.click(Base_Page.java:53)
at Pages.Product_Page.removeItem(Product_Page.java:92)
at TestCases.ProblemUser_TestCases.validateRemoveButton(ProblemUser_TestCases.java:69)
at java.base/java.util.ArrayList.forEach(ArrayList.java:1511)
Caused by: org.openqa.selenium.NoSuchElementException: no such element: Unable to locate element: {"method":"css selector","selector":"button#remove-sauce-labs-bolt-t-shirt"}
  (Session info: chrome=131.0.6778.86)
For documentation on this error, please visit: https://www.selenium.dev/documentation/webdriver/troubleshooting/errors#no-such-element-exception
Build info: version: '4.25.0', revision: '8a8aea2337'
System info: os.name: 'Mac OS X', os.arch: 'x86_64', os.version: '14.4.1', java.version: '17.0.1'
Driver info: org.openqa.selenium.chrome.ChromeDriver
Command: [b1e7abbc665a09bd93cb07df291565e1, findElement {value=button#remove-sauce-labs-bolt-t-shirt, using=css selector}]
Capabilities {acceptInsecureCerts: false, browserName: chrome, browserVersion: 131.0.6778.86, chrome: {chromedriverVersion: 131.0.6778.85 (3d81e41b6f3a..., userDataDir: /var/folders/ft/j2l85t6x1pl...}, fedcm:accounts: true, goog:chromeOptions: {debuggerAddress: localhost:59817}, networkConnectionEnabled: false, pageLoadStrategy: normal, platformName: mac, proxy: Proxy(), se:cdp: ws://localhost:59817/devtoo..., se:cdpVersion: 131.0.6778.86, setWindowRect: true, strictFileInteractability: false, timeouts: {implicit: 0, pageLoad: 300000, script: 30000}, unhandledPromptBehavior: dismiss and notify, webauthn:extension:credBlob: true, webauthn:extension:largeBlob: true, webauthn:extension:minPinLength: true, webauthn:extension:prf: true, webauthn:virtualAuthenticators: true}
Session ID: b1e7abbc665a09bd93cb07df291565e1
at org.openqa.selenium.remote.ErrorCodec.decode(ErrorCodec.java:167)
at org.openqa.selenium.remote.codec.w3c.W3CHttpResponseCodec.decode(W3CHttpResponseCodec.java:138)
at org.openqa.selenium.remote.codec.w3c.W3CHttpResponseCodec.decode(W3CHttpResponseCodec.java:50)
at org.openqa.selenium.remote.HttpCommandExecutor.execute(HttpCommandExecutor.java:190)
at org.openqa.selenium.remote.service.DriverCommandExecutor.invokeExecute(DriverCommandExecutor.java:216)
at org.openqa.selenium.remote.service.DriverCommandExecutor.execute(DriverCommandExecutor.java:174)
at org.openqa.selenium.remote.RemoteWebDriver.execute(RemoteWebDriver.java:545)
at org.openqa.selenium.remote.ElementLocation$ElementFinder$2.findElement(ElementLocation.java:165)
at org.openqa.selenium.remote.ElementLocation.findElement(ElementLocation.java:59)
at org.openqa.selenium.remote.RemoteWebDriver.findElement(RemoteWebDriver.java:368)
at org.openqa.selenium.remote.RemoteWebDriver.findElement(RemoteWebDriver.java:362)
at org.openqa.selenium.support.pagefactory.DefaultElementLocator.findElement(DefaultElementLocator.java:68)
at org.openqa.selenium.support.pagefactory.internal.LocatingElementHandler.invoke(LocatingElementHandler.java:38)
at jdk.proxy2/jdk.proxy2.$Proxy20.isDisplayed(Unknown Source)
at org.openqa.selenium.support.ui.ExpectedConditions.elementIfVisible(ExpectedConditions.java:304)
at org.openqa.selenium.support.ui.ExpectedConditions$10.apply(ExpectedConditions.java:290)
at org.openqa.selenium.support.ui.ExpectedConditions$10.apply(ExpectedConditions.java:287)
at org.openqa.selenium.support.ui.FluentWait.until(FluentWait.java:203)
... 32 more
... Removed 31 stack frames]]>
    </failure>
  </testcase> <!-- validateRemoveButton -->
</testsuite> <!-- Test -->
